<?xml version="1.0" encoding="UTF-8"?>
<!-- Generated by org.testng.reporters.JUnitReportReporter -->
<testsuite hostname="DESKTOP-5A8V9MG" failures="0" tests="4" name="pack.Register" time="56.224" errors="0" timestamp="2024-02-04T21:25:19 CET" skipped="0">
  <testcase classname="pack.Register" name="verifyRegisteringOnlyWithMandatoryFields" time="18.070"/>
  <testcase classname="pack.Register" name="verifyRegisteringByProvidingAllFields" time="16.094"/>
  <testcase classname="pack.Register" name="verifyRegisteringAccountWithExistingEmailAdress" time="10.404"/>
  <testcase classname="pack.Register" name="verifyRegisteringAccountWithoutProvidingAnyDetails" time="11.656"/>
</testsuite> <!-- pack.Register -->
