<?xml version="1.0" encoding="UTF-8"?>
<!-- Generated by org.testng.reporters.JUnitReportReporter -->
<testsuite hostname="DESKTOP-5A8V9MG" failures="0" tests="4" name="pack.TestRegister" time="48.224" errors="0" timestamp="2024-02-06T21:28:39 CET" skipped="0">
  <testcase classname="pack.TestRegister" name="verifyRegisteringOnlyWithMandatoryFields" time="12.373"/>
  <testcase classname="pack.TestRegister" name="verifyRegisteringByProvidingAllFields" time="12.593"/>
  <testcase classname="pack.TestRegister" name="verifyRegisteringAccountWithExistingEmailAdress" time="14.575"/>
  <testcase classname="pack.TestRegister" name="verifyRegisteringAccountWithoutProvidingAnyDetails" time="8.683"/>
</testsuite> <!-- pack.TestRegister -->
