<?xml version="1.0" encoding="UTF-8"?>
<!-- Generated by org.testng.reporters.JUnitReportReporter -->
<testsuite hostname="DESKTOP-5A8V9MG" failures="0" tests="3" name="pack.TestSearch" time="2.751" errors="0" timestamp="2024-02-06T21:28:39 CET" skipped="0">
  <testcase classname="pack.TestSearch" name="verifySearchWithValidProduct" time="1.363"/>
  <testcase classname="pack.TestSearch" name="verifySearchWithInvaldProduct" time="0.834"/>
  <testcase classname="pack.TestSearch" name="verifySearchWithoutProvidinAnyProduct" time="0.554"/>
</testsuite> <!-- pack.TestSearch -->
