<?xml version="1.0" encoding="UTF-8"?>
<!-- Generated by org.testng.reporters.JUnitReportReporter -->
<testsuite hostname="DESKTOP-5A8V9MG" failures="0" tests="7" name="pack.Login" time="73.306" errors="0" timestamp="2024-02-04T21:25:19 CET" skipped="0">
  <testcase classname="pack.Login" name="verifyLoginWithValidCredentials" time="10.572"/>
  <testcase classname="pack.Login" name="verifyLoginWithValidCredentials" time="13.443"/>
  <testcase classname="pack.Login" name="verifyLoginWithValidCredentials" time="8.416"/>
  <testcase classname="pack.Login" name="verifyLoginWithInvalidCredentials" time="9.715"/>
  <testcase classname="pack.Login" name="loginWithInvalidEmailAndValidPassword" time="10.826"/>
  <testcase classname="pack.Login" name="loginWithValidEmailAndInvalidPassword" time="9.891"/>
  <testcase classname="pack.Login" name="loginWithNotProvidingAnyCredentials" time="10.443"/>
</testsuite> <!-- pack.Login -->
