<?xml version="1.0" encoding="UTF-8"?>
<!-- Generated by org.testng.reporters.JUnitReportReporter -->
<testsuite hostname="DESKTOP-5A8V9MG" failures="0" tests="7" name="pack.TestLogin" time="61.457" errors="0" timestamp="2024-02-06T21:28:39 CET" skipped="0">
  <testcase classname="pack.TestLogin" name="verifyLoginWithValidCredentials" time="9.413"/>
  <testcase classname="pack.TestLogin" name="verifyLoginWithValidCredentials" time="8.366"/>
  <testcase classname="pack.TestLogin" name="verifyLoginWithValidCredentials" time="8.700"/>
  <testcase classname="pack.TestLogin" name="verifyLoginWithInvalidCredentials" time="9.270"/>
  <testcase classname="pack.TestLogin" name="loginWithInvalidEmailAndValidPassword" time="7.978"/>
  <testcase classname="pack.TestLogin" name="loginWithValidEmailAndInvalidPassword" time="8.833"/>
  <testcase classname="pack.TestLogin" name="loginWithNotProvidingAnyCredentials" time="8.897"/>
</testsuite> <!-- pack.TestLogin -->
